CRITICAL - 2020-05-19 02:38:28 --> Illegal string offset 'id'
#0 C:\Users\vitor\source\repos\rockbr\BaseSite\app\Views\admin\padrao\pessoa\cadastro_pessoas.php(92): CodeIgniter\Debug\Exceptions->errorHandler(2, 'Illegal string ...', 'C:\\Users\\vitor\\...', 92, Array)
#1 C:\Users\vitor\source\repos\rockbr\BaseSite\system\View\View.php(246): include('C:\\Users\\vitor\\...')
#2 C:\Users\vitor\source\repos\rockbr\BaseSite\system\Common.php(1087): CodeIgniter\View\View->render('admin/padrao/pe...', Array, true)
#3 C:\Users\vitor\source\repos\rockbr\BaseSite\app\Controllers\Pessoa.php(231): view('admin/padrao/pe...', Array)
#4 C:\Users\vitor\source\repos\rockbr\BaseSite\system\CodeIgniter.php(914): App\Controllers\Pessoa->cadastro('3')
#5 C:\Users\vitor\source\repos\rockbr\BaseSite\system\CodeIgniter.php(400): CodeIgniter\CodeIgniter->runController(Object(App\Controllers\Pessoa))
#6 C:\Users\vitor\source\repos\rockbr\BaseSite\system\CodeIgniter.php(308): CodeIgniter\CodeIgniter->handleRequest(NULL, Object(Config\Cache), false)
#7 C:\Users\vitor\source\repos\rockbr\BaseSite\public\index.php(45): CodeIgniter\CodeIgniter->run()
#8 C:\Users\vitor\source\repos\rockbr\BaseSite\system\Commands\Server\rewrite.php(34): require_once('C:\\Users\\vitor\\...')
#9 {main}
CRITICAL - 2020-05-19 02:39:00 --> Illegal string offset 'id'
#0 C:\Users\vitor\source\repos\rockbr\BaseSite\app\Views\admin\padrao\pessoa\cadastro_pessoas.php(92): CodeIgniter\Debug\Exceptions->errorHandler(2, 'Illegal string ...', 'C:\\Users\\vitor\\...', 92, Array)
#1 C:\Users\vitor\source\repos\rockbr\BaseSite\system\View\View.php(246): include('C:\\Users\\vitor\\...')
#2 C:\Users\vitor\source\repos\rockbr\BaseSite\system\Common.php(1087): CodeIgniter\View\View->render('admin/padrao/pe...', Array, true)
#3 C:\Users\vitor\source\repos\rockbr\BaseSite\app\Controllers\Pessoa.php(231): view('admin/padrao/pe...', Array)
#4 C:\Users\vitor\source\repos\rockbr\BaseSite\system\CodeIgniter.php(914): App\Controllers\Pessoa->cadastro('3')
#5 C:\Users\vitor\source\repos\rockbr\BaseSite\system\CodeIgniter.php(400): CodeIgniter\CodeIgniter->runController(Object(App\Controllers\Pessoa))
#6 C:\Users\vitor\source\repos\rockbr\BaseSite\system\CodeIgniter.php(308): CodeIgniter\CodeIgniter->handleRequest(NULL, Object(Config\Cache), false)
#7 C:\Users\vitor\source\repos\rockbr\BaseSite\public\index.php(45): CodeIgniter\CodeIgniter->run()
#8 C:\Users\vitor\source\repos\rockbr\BaseSite\system\Commands\Server\rewrite.php(34): require_once('C:\\Users\\vitor\\...')
#9 {main}
CRITICAL - 2020-05-19 02:40:48 --> Illegal string offset 'id'
#0 C:\Users\vitor\source\repos\rockbr\BaseSite\app\Views\admin\padrao\pessoa\cadastro_pessoas.php(92): CodeIgniter\Debug\Exceptions->errorHandler(2, 'Illegal string ...', 'C:\\Users\\vitor\\...', 92, Array)
#1 C:\Users\vitor\source\repos\rockbr\BaseSite\system\View\View.php(246): include('C:\\Users\\vitor\\...')
#2 C:\Users\vitor\source\repos\rockbr\BaseSite\system\Common.php(1087): CodeIgniter\View\View->render('admin/padrao/pe...', Array, true)
#3 C:\Users\vitor\source\repos\rockbr\BaseSite\app\Controllers\Pessoa.php(231): view('admin/padrao/pe...', Array)
#4 C:\Users\vitor\source\repos\rockbr\BaseSite\system\CodeIgniter.php(914): App\Controllers\Pessoa->cadastro('3')
#5 C:\Users\vitor\source\repos\rockbr\BaseSite\system\CodeIgniter.php(400): CodeIgniter\CodeIgniter->runController(Object(App\Controllers\Pessoa))
#6 C:\Users\vitor\source\repos\rockbr\BaseSite\system\CodeIgniter.php(308): CodeIgniter\CodeIgniter->handleRequest(NULL, Object(Config\Cache), false)
#7 C:\Users\vitor\source\repos\rockbr\BaseSite\public\index.php(45): CodeIgniter\CodeIgniter->run()
#8 C:\Users\vitor\source\repos\rockbr\BaseSite\system\Commands\Server\rewrite.php(34): require_once('C:\\Users\\vitor\\...')
#9 {main}
CRITICAL - 2020-05-19 11:39:27 --> Undefined property: App\Controllers\Util::$session
#0 C:\Users\vitor\source\repos\rockbr\BaseSite\app\Controllers\Util.php(50): CodeIgniter\Debug\Exceptions->errorHandler(8, 'Undefined prope...', 'C:\\Users\\vitor\\...', 50, Array)
#1 C:\Users\vitor\source\repos\rockbr\BaseSite\app\Controllers\Pessoa.php(184): App\Controllers\Util->comboGrupoPessoa()
#2 C:\Users\vitor\source\repos\rockbr\BaseSite\system\CodeIgniter.php(914): App\Controllers\Pessoa->cadastro()
#3 C:\Users\vitor\source\repos\rockbr\BaseSite\system\CodeIgniter.php(400): CodeIgniter\CodeIgniter->runController(Object(App\Controllers\Pessoa))
#4 C:\Users\vitor\source\repos\rockbr\BaseSite\system\CodeIgniter.php(308): CodeIgniter\CodeIgniter->handleRequest(NULL, Object(Config\Cache), false)
#5 C:\Users\vitor\source\repos\rockbr\BaseSite\public\index.php(45): CodeIgniter\CodeIgniter->run()
#6 C:\Users\vitor\source\repos\rockbr\BaseSite\system\Commands\Server\rewrite.php(34): require_once('C:\\Users\\vitor\\...')
#7 {main}
CRITICAL - 2020-05-19 16:52:16 --> syntax error, unexpected 'is' (T_STRING)
#0 C:\Users\vitor\source\repos\rockbr\BaseSite\system\Autoloader\Autoloader.php(296): CodeIgniter\Autoloader\Autoloader->requireFile('C:\\Users\\vitor\\...')
#1 C:\Users\vitor\source\repos\rockbr\BaseSite\system\Autoloader\Autoloader.php(258): CodeIgniter\Autoloader\Autoloader->loadInNamespace('App\\Controllers...')
#2 [internal function]: CodeIgniter\Autoloader\Autoloader->loadClass('App\\Controllers...')
#3 [internal function]: spl_autoload_call('App\\Controllers...')
#4 C:\Users\vitor\source\repos\rockbr\BaseSite\system\CodeIgniter.php(865): class_exists('\\App\\Controller...', true)
#5 C:\Users\vitor\source\repos\rockbr\BaseSite\system\CodeIgniter.php(390): CodeIgniter\CodeIgniter->startController()
#6 C:\Users\vitor\source\repos\rockbr\BaseSite\system\CodeIgniter.php(308): CodeIgniter\CodeIgniter->handleRequest(NULL, Object(Config\Cache), false)
#7 C:\Users\vitor\source\repos\rockbr\BaseSite\public\index.php(45): CodeIgniter\CodeIgniter->run()
#8 C:\Users\vitor\source\repos\rockbr\BaseSite\system\Commands\Server\rewrite.php(34): require_once('C:\\Users\\vitor\\...')
#9 {main}
CRITICAL - 2020-05-19 16:53:04 --> syntax error, unexpected 'is' (T_STRING)
#0 C:\Users\vitor\source\repos\rockbr\BaseSite\system\Autoloader\Autoloader.php(296): CodeIgniter\Autoloader\Autoloader->requireFile('C:\\Users\\vitor\\...')
#1 C:\Users\vitor\source\repos\rockbr\BaseSite\system\Autoloader\Autoloader.php(258): CodeIgniter\Autoloader\Autoloader->loadInNamespace('App\\Controllers...')
#2 [internal function]: CodeIgniter\Autoloader\Autoloader->loadClass('App\\Controllers...')
#3 [internal function]: spl_autoload_call('App\\Controllers...')
#4 C:\Users\vitor\source\repos\rockbr\BaseSite\system\CodeIgniter.php(865): class_exists('\\App\\Controller...', true)
#5 C:\Users\vitor\source\repos\rockbr\BaseSite\system\CodeIgniter.php(390): CodeIgniter\CodeIgniter->startController()
#6 C:\Users\vitor\source\repos\rockbr\BaseSite\system\CodeIgniter.php(308): CodeIgniter\CodeIgniter->handleRequest(NULL, Object(Config\Cache), false)
#7 C:\Users\vitor\source\repos\rockbr\BaseSite\public\index.php(45): CodeIgniter\CodeIgniter->run()
#8 C:\Users\vitor\source\repos\rockbr\BaseSite\system\Commands\Server\rewrite.php(34): require_once('C:\\Users\\vitor\\...')
#9 {main}
CRITICAL - 2020-05-19 16:53:20 --> syntax error, unexpected 'is' (T_STRING)
#0 C:\Users\vitor\source\repos\rockbr\BaseSite\system\Autoloader\Autoloader.php(296): CodeIgniter\Autoloader\Autoloader->requireFile('C:\\Users\\vitor\\...')
#1 C:\Users\vitor\source\repos\rockbr\BaseSite\system\Autoloader\Autoloader.php(258): CodeIgniter\Autoloader\Autoloader->loadInNamespace('App\\Controllers...')
#2 [internal function]: CodeIgniter\Autoloader\Autoloader->loadClass('App\\Controllers...')
#3 [internal function]: spl_autoload_call('App\\Controllers...')
#4 C:\Users\vitor\source\repos\rockbr\BaseSite\system\CodeIgniter.php(865): class_exists('\\App\\Controller...', true)
#5 C:\Users\vitor\source\repos\rockbr\BaseSite\system\CodeIgniter.php(390): CodeIgniter\CodeIgniter->startController()
#6 C:\Users\vitor\source\repos\rockbr\BaseSite\system\CodeIgniter.php(308): CodeIgniter\CodeIgniter->handleRequest(NULL, Object(Config\Cache), false)
#7 C:\Users\vitor\source\repos\rockbr\BaseSite\public\index.php(45): CodeIgniter\CodeIgniter->run()
#8 C:\Users\vitor\source\repos\rockbr\BaseSite\system\Commands\Server\rewrite.php(34): require_once('C:\\Users\\vitor\\...')
#9 {main}
CRITICAL - 2020-05-19 16:54:44 --> Undefined index: id_banco
#0 C:\Users\vitor\source\repos\rockbr\BaseSite\app\Controllers\Pessoa.php(184): CodeIgniter\Debug\Exceptions->errorHandler(8, 'Undefined index...', 'C:\\Users\\vitor\\...', 184, Array)
#1 C:\Users\vitor\source\repos\rockbr\BaseSite\system\CodeIgniter.php(914): App\Controllers\Pessoa->cadastro('4')
#2 C:\Users\vitor\source\repos\rockbr\BaseSite\system\CodeIgniter.php(400): CodeIgniter\CodeIgniter->runController(Object(App\Controllers\Pessoa))
#3 C:\Users\vitor\source\repos\rockbr\BaseSite\system\CodeIgniter.php(308): CodeIgniter\CodeIgniter->handleRequest(NULL, Object(Config\Cache), false)
#4 C:\Users\vitor\source\repos\rockbr\BaseSite\public\index.php(45): CodeIgniter\CodeIgniter->run()
#5 C:\Users\vitor\source\repos\rockbr\BaseSite\system\Commands\Server\rewrite.php(34): require_once('C:\\Users\\vitor\\...')
#6 {main}
CRITICAL - 2020-05-19 16:55:53 --> Undefined index: id_banco
#0 C:\Users\vitor\source\repos\rockbr\BaseSite\app\Controllers\Pessoa.php(184): CodeIgniter\Debug\Exceptions->errorHandler(8, 'Undefined index...', 'C:\\Users\\vitor\\...', 184, Array)
#1 C:\Users\vitor\source\repos\rockbr\BaseSite\system\CodeIgniter.php(914): App\Controllers\Pessoa->cadastro('4')
#2 C:\Users\vitor\source\repos\rockbr\BaseSite\system\CodeIgniter.php(400): CodeIgniter\CodeIgniter->runController(Object(App\Controllers\Pessoa))
#3 C:\Users\vitor\source\repos\rockbr\BaseSite\system\CodeIgniter.php(308): CodeIgniter\CodeIgniter->handleRequest(NULL, Object(Config\Cache), false)
#4 C:\Users\vitor\source\repos\rockbr\BaseSite\public\index.php(45): CodeIgniter\CodeIgniter->run()
#5 C:\Users\vitor\source\repos\rockbr\BaseSite\system\Commands\Server\rewrite.php(34): require_once('C:\\Users\\vitor\\...')
#6 {main}
CRITICAL - 2020-05-19 16:56:07 --> Undefined index: id_banco
#0 C:\Users\vitor\source\repos\rockbr\BaseSite\app\Controllers\Pessoa.php(184): CodeIgniter\Debug\Exceptions->errorHandler(8, 'Undefined index...', 'C:\\Users\\vitor\\...', 184, Array)
#1 C:\Users\vitor\source\repos\rockbr\BaseSite\system\CodeIgniter.php(914): App\Controllers\Pessoa->cadastro('4')
#2 C:\Users\vitor\source\repos\rockbr\BaseSite\system\CodeIgniter.php(400): CodeIgniter\CodeIgniter->runController(Object(App\Controllers\Pessoa))
#3 C:\Users\vitor\source\repos\rockbr\BaseSite\system\CodeIgniter.php(308): CodeIgniter\CodeIgniter->handleRequest(NULL, Object(Config\Cache), false)
#4 C:\Users\vitor\source\repos\rockbr\BaseSite\public\index.php(45): CodeIgniter\CodeIgniter->run()
#5 C:\Users\vitor\source\repos\rockbr\BaseSite\system\Commands\Server\rewrite.php(34): require_once('C:\\Users\\vitor\\...')
#6 {main}
CRITICAL - 2020-05-19 17:19:52 --> pg_query(): Query failed: ERROR:  invalid input syntax for type date: &quot;&quot;
LINE 1: ...'1', &quot;id_estado_civil&quot; = '2', &quot;data_nascimento&quot; = '', &quot;sexo&quot;...
                                                             ^
#0 [internal function]: CodeIgniter\Debug\Exceptions->errorHandler(2, 'pg_query(): Que...', 'C:\\Users\\vitor\\...', 196, Array)
#1 C:\Users\vitor\source\repos\rockbr\BaseSite\system\Database\Postgre\Connection.php(196): pg_query(Resource id #126, 'UPDATE "pessoas...')
#2 C:\Users\vitor\source\repos\rockbr\BaseSite\system\Database\BaseConnection.php(738): CodeIgniter\Database\Postgre\Connection->execute('UPDATE "pessoas...')
#3 C:\Users\vitor\source\repos\rockbr\BaseSite\system\Database\BaseConnection.php(666): CodeIgniter\Database\BaseConnection->simpleQuery('UPDATE "pessoas...')
#4 C:\Users\vitor\source\repos\rockbr\BaseSite\system\Database\BaseBuilder.php(2441): CodeIgniter\Database\BaseConnection->query('UPDATE "pessoas...', Array, false)
#5 C:\Users\vitor\source\repos\rockbr\BaseSite\app\Models\PadraoModel.php(474): CodeIgniter\Database\BaseBuilder->update()
#6 C:\Users\vitor\source\repos\rockbr\BaseSite\app\Controllers\Pessoa.php(335): App\Models\PadraoModel->setInsertUpdateTransactions('pessoas', Array, '3', 'id_pessoa', Array)
#7 C:\Users\vitor\source\repos\rockbr\BaseSite\system\CodeIgniter.php(914): App\Controllers\Pessoa->salva()
#8 C:\Users\vitor\source\repos\rockbr\BaseSite\system\CodeIgniter.php(400): CodeIgniter\CodeIgniter->runController(Object(App\Controllers\Pessoa))
#9 C:\Users\vitor\source\repos\rockbr\BaseSite\system\CodeIgniter.php(308): CodeIgniter\CodeIgniter->handleRequest(NULL, Object(Config\Cache), false)
#10 C:\Users\vitor\source\repos\rockbr\BaseSite\public\index.php(45): CodeIgniter\CodeIgniter->run()
#11 C:\Users\vitor\source\repos\rockbr\BaseSite\system\Commands\Server\rewrite.php(34): require_once('C:\\Users\\vitor\\...')
#12 {main}
CRITICAL - 2020-05-19 17:41:46 --> pg_query(): Query failed: ERROR:  value too long for type character varying(3)
#0 [internal function]: CodeIgniter\Debug\Exceptions->errorHandler(2, 'pg_query(): Que...', 'C:\\Users\\vitor\\...', 196, Array)
#1 C:\Users\vitor\source\repos\rockbr\BaseSite\system\Database\Postgre\Connection.php(196): pg_query(Resource id #126, 'INSERT INTO "pe...')
#2 C:\Users\vitor\source\repos\rockbr\BaseSite\system\Database\BaseConnection.php(738): CodeIgniter\Database\Postgre\Connection->execute('INSERT INTO "pe...')
#3 C:\Users\vitor\source\repos\rockbr\BaseSite\system\Database\BaseConnection.php(666): CodeIgniter\Database\BaseConnection->simpleQuery('INSERT INTO "pe...')
#4 C:\Users\vitor\source\repos\rockbr\BaseSite\system\Database\BaseBuilder.php(2234): CodeIgniter\Database\BaseConnection->query('INSERT INTO "pe...', Array, false)
#5 C:\Users\vitor\source\repos\rockbr\BaseSite\app\Models\PadraoModel.php(504): CodeIgniter\Database\BaseBuilder->insert(Array)
#6 C:\Users\vitor\source\repos\rockbr\BaseSite\app\Controllers\Pessoa.php(335): App\Models\PadraoModel->setInsertUpdateTransactions('pessoas', Array, '3', 'id_pessoa', Array)
#7 C:\Users\vitor\source\repos\rockbr\BaseSite\system\CodeIgniter.php(914): App\Controllers\Pessoa->salva()
#8 C:\Users\vitor\source\repos\rockbr\BaseSite\system\CodeIgniter.php(400): CodeIgniter\CodeIgniter->runController(Object(App\Controllers\Pessoa))
#9 C:\Users\vitor\source\repos\rockbr\BaseSite\system\CodeIgniter.php(308): CodeIgniter\CodeIgniter->handleRequest(NULL, Object(Config\Cache), false)
#10 C:\Users\vitor\source\repos\rockbr\BaseSite\public\index.php(45): CodeIgniter\CodeIgniter->run()
#11 C:\Users\vitor\source\repos\rockbr\BaseSite\system\Commands\Server\rewrite.php(34): require_once('C:\\Users\\vitor\\...')
#12 {main}
CRITICAL - 2020-05-19 18:01:52 --> pg_query(): Query failed: ERROR:  null value in column &quot;tipo&quot; violates not-null constraint
DETAIL:  Failing row contains (1, 2020-05-19 18:01:52, null, null, 3, 745, 0075, 53959-3, null).
#0 [internal function]: CodeIgniter\Debug\Exceptions->errorHandler(2, 'pg_query(): Que...', 'C:\\Users\\vitor\\...', 196, Array)
#1 C:\Users\vitor\source\repos\rockbr\BaseSite\system\Database\Postgre\Connection.php(196): pg_query(Resource id #126, 'INSERT INTO "pe...')
#2 C:\Users\vitor\source\repos\rockbr\BaseSite\system\Database\BaseConnection.php(738): CodeIgniter\Database\Postgre\Connection->execute('INSERT INTO "pe...')
#3 C:\Users\vitor\source\repos\rockbr\BaseSite\system\Database\BaseConnection.php(666): CodeIgniter\Database\BaseConnection->simpleQuery('INSERT INTO "pe...')
#4 C:\Users\vitor\source\repos\rockbr\BaseSite\system\Database\BaseBuilder.php(2234): CodeIgniter\Database\BaseConnection->query('INSERT INTO "pe...', Array, false)
#5 C:\Users\vitor\source\repos\rockbr\BaseSite\app\Models\PadraoModel.php(504): CodeIgniter\Database\BaseBuilder->insert(Array)
#6 C:\Users\vitor\source\repos\rockbr\BaseSite\app\Controllers\Pessoa.php(335): App\Models\PadraoModel->setInsertUpdateTransactions('pessoas', Array, '3', 'id_pessoa', Array)
#7 C:\Users\vitor\source\repos\rockbr\BaseSite\system\CodeIgniter.php(914): App\Controllers\Pessoa->salva()
#8 C:\Users\vitor\source\repos\rockbr\BaseSite\system\CodeIgniter.php(400): CodeIgniter\CodeIgniter->runController(Object(App\Controllers\Pessoa))
#9 C:\Users\vitor\source\repos\rockbr\BaseSite\system\CodeIgniter.php(308): CodeIgniter\CodeIgniter->handleRequest(NULL, Object(Config\Cache), false)
#10 C:\Users\vitor\source\repos\rockbr\BaseSite\public\index.php(45): CodeIgniter\CodeIgniter->run()
#11 C:\Users\vitor\source\repos\rockbr\BaseSite\system\Commands\Server\rewrite.php(34): require_once('C:\\Users\\vitor\\...')
#12 {main}
